<?xml version="1.0" encoding="UTF-8" ?>
<testsuites disabled="0" errors="0" failures="0" tests="0" time="0.044">
 <testsuite name="Unit tests of Calculator::add" timestamp="2018-08-01T11:00:51" hostname="localhost" time="0.018" errors="0" tests="0" skipped="0" disabled="0" failures="0">
 </testsuite>
 <testsuite name="Unit tests of Calculator::multiply" timestamp="2018-08-01T11:00:51" hostname="localhost" time="0.004" errors="0" tests="0" skipped="0" disabled="0" failures="0">
 </testsuite>
 <testsuite name="Unit tests of Calculator::multiply" timestamp="2018-08-01T11:00:51" hostname="localhost" time="0.004" errors="0" tests="0" skipped="0" disabled="0" failures="0">
 </testsuite>
 <testsuite name="Unit tests of Calculator::add" timestamp="2018-08-01T11:00:51" hostname="localhost" time="0.018" errors="0" tests="0" skipped="0" disabled="0" failures="0">
 </testsuite>
</testsuites>